<?xml version="1.0" encoding="UTF-8"?>
<!-- Generated by org.testng.reporters.JUnitReportReporter -->
<testsuite hostname="Naveen" failures="0" tests="1" name="HandlingWindows.WindowHandle" time="15.562" errors="0" timestamp="11 Jan 2024 05:25:07 GMT" skipped="0">
  <testcase classname="HandlingWindows.WindowHandle" name="addn" time="15.562"/>
</testsuite> <!-- HandlingWindows.WindowHandle -->
