<?xml version="1.0" encoding="UTF-8"?>
<!-- Generated by org.testng.reporters.JUnitReportReporter -->
<testsuite hostname="Naveen" failures="0" tests="1" name="HandlingWindows.WindowHandle" time="14.535" errors="0" timestamp="10 Jan 2024 18:13:46 GMT" skipped="0">
  <testcase classname="HandlingWindows.WindowHandle" name="addn" time="14.535"/>
</testsuite> <!-- HandlingWindows.WindowHandle -->
